[2026-02-14T00:00:03.406+0000] {processor.py:161} INFO - Started process (PID=163) to work on /opt/airflow/dags/ml_training_dag.py
[2026-02-14T00:00:03.408+0000] {processor.py:830} INFO - Processing file /opt/airflow/dags/ml_training_dag.py for tasks to queue
[2026-02-14T00:00:03.409+0000] {logging_mixin.py:188} INFO - [2026-02-14T00:00:03.409+0000] {dagbag.py:538} INFO - Filling up the DagBag from /opt/airflow/dags/ml_training_dag.py
[2026-02-14T00:00:03.440+0000] {processor.py:840} INFO - DAG(s) 'ml_training_pipeline' retrieved from /opt/airflow/dags/ml_training_dag.py
[2026-02-14T00:00:03.463+0000] {logging_mixin.py:188} INFO - [2026-02-14T00:00:03.463+0000] {dag.py:3036} INFO - Sync 1 DAGs
[2026-02-14T00:00:03.483+0000] {logging_mixin.py:188} INFO - [2026-02-14T00:00:03.483+0000] {dag.py:3823} INFO - Setting next_dagrun for ml_training_pipeline to 2026-02-01 00:00:00+00:00, run_after=2026-02-08 00:00:00+00:00
[2026-02-14T00:00:03.496+0000] {processor.py:183} INFO - Processing /opt/airflow/dags/ml_training_dag.py took 0.092 seconds
[2026-02-14T00:00:33.712+0000] {processor.py:161} INFO - Started process (PID=168) to work on /opt/airflow/dags/ml_training_dag.py
[2026-02-14T00:00:33.713+0000] {processor.py:830} INFO - Processing file /opt/airflow/dags/ml_training_dag.py for tasks to queue
[2026-02-14T00:00:33.714+0000] {logging_mixin.py:188} INFO - [2026-02-14T00:00:33.713+0000] {dagbag.py:538} INFO - Filling up the DagBag from /opt/airflow/dags/ml_training_dag.py
[2026-02-14T00:00:33.731+0000] {processor.py:840} INFO - DAG(s) 'ml_training_pipeline' retrieved from /opt/airflow/dags/ml_training_dag.py
[2026-02-14T00:00:33.882+0000] {logging_mixin.py:188} INFO - [2026-02-14T00:00:33.882+0000] {dag.py:3036} INFO - Sync 1 DAGs
[2026-02-14T00:00:33.901+0000] {logging_mixin.py:188} INFO - [2026-02-14T00:00:33.901+0000] {dag.py:3823} INFO - Setting next_dagrun for ml_training_pipeline to 2026-02-01 00:00:00+00:00, run_after=2026-02-08 00:00:00+00:00
[2026-02-14T00:00:33.917+0000] {processor.py:183} INFO - Processing /opt/airflow/dags/ml_training_dag.py took 0.209 seconds
[2026-02-14T00:01:04.066+0000] {processor.py:161} INFO - Started process (PID=173) to work on /opt/airflow/dags/ml_training_dag.py
[2026-02-14T00:01:04.067+0000] {processor.py:830} INFO - Processing file /opt/airflow/dags/ml_training_dag.py for tasks to queue
[2026-02-14T00:01:04.069+0000] {logging_mixin.py:188} INFO - [2026-02-14T00:01:04.068+0000] {dagbag.py:538} INFO - Filling up the DagBag from /opt/airflow/dags/ml_training_dag.py
[2026-02-14T00:01:04.082+0000] {processor.py:840} INFO - DAG(s) 'ml_training_pipeline' retrieved from /opt/airflow/dags/ml_training_dag.py
[2026-02-14T00:01:04.115+0000] {logging_mixin.py:188} INFO - [2026-02-14T00:01:04.115+0000] {dag.py:3036} INFO - Sync 1 DAGs
[2026-02-14T00:01:04.136+0000] {logging_mixin.py:188} INFO - [2026-02-14T00:01:04.136+0000] {dag.py:3823} INFO - Setting next_dagrun for ml_training_pipeline to 2026-02-01 00:00:00+00:00, run_after=2026-02-08 00:00:00+00:00
[2026-02-14T00:01:04.159+0000] {processor.py:183} INFO - Processing /opt/airflow/dags/ml_training_dag.py took 0.095 seconds
[2026-02-14T00:01:34.349+0000] {processor.py:161} INFO - Started process (PID=280) to work on /opt/airflow/dags/ml_training_dag.py
[2026-02-14T00:01:34.350+0000] {processor.py:830} INFO - Processing file /opt/airflow/dags/ml_training_dag.py for tasks to queue
[2026-02-14T00:01:34.351+0000] {logging_mixin.py:188} INFO - [2026-02-14T00:01:34.351+0000] {dagbag.py:538} INFO - Filling up the DagBag from /opt/airflow/dags/ml_training_dag.py
[2026-02-14T00:01:34.375+0000] {processor.py:840} INFO - DAG(s) 'ml_training_pipeline' retrieved from /opt/airflow/dags/ml_training_dag.py
[2026-02-14T00:01:34.405+0000] {logging_mixin.py:188} INFO - [2026-02-14T00:01:34.404+0000] {dag.py:3036} INFO - Sync 1 DAGs
[2026-02-14T00:01:34.425+0000] {logging_mixin.py:188} INFO - [2026-02-14T00:01:34.425+0000] {dag.py:3823} INFO - Setting next_dagrun for ml_training_pipeline to 2026-02-08 00:00:00+00:00, run_after=2026-02-15 00:00:00+00:00
[2026-02-14T00:01:34.438+0000] {processor.py:183} INFO - Processing /opt/airflow/dags/ml_training_dag.py took 0.095 seconds
[2026-02-14T00:02:04.795+0000] {processor.py:161} INFO - Started process (PID=285) to work on /opt/airflow/dags/ml_training_dag.py
[2026-02-14T00:02:04.796+0000] {processor.py:830} INFO - Processing file /opt/airflow/dags/ml_training_dag.py for tasks to queue
[2026-02-14T00:02:04.797+0000] {logging_mixin.py:188} INFO - [2026-02-14T00:02:04.796+0000] {dagbag.py:538} INFO - Filling up the DagBag from /opt/airflow/dags/ml_training_dag.py
[2026-02-14T00:02:04.833+0000] {processor.py:840} INFO - DAG(s) 'ml_training_pipeline' retrieved from /opt/airflow/dags/ml_training_dag.py
[2026-02-14T00:02:04.862+0000] {logging_mixin.py:188} INFO - [2026-02-14T00:02:04.862+0000] {dag.py:3036} INFO - Sync 1 DAGs
[2026-02-14T00:02:04.879+0000] {logging_mixin.py:188} INFO - [2026-02-14T00:02:04.878+0000] {dag.py:3823} INFO - Setting next_dagrun for ml_training_pipeline to 2026-02-08 00:00:00+00:00, run_after=2026-02-15 00:00:00+00:00
[2026-02-14T00:02:04.891+0000] {processor.py:183} INFO - Processing /opt/airflow/dags/ml_training_dag.py took 0.100 seconds
[2026-02-14T00:02:35.112+0000] {processor.py:161} INFO - Started process (PID=290) to work on /opt/airflow/dags/ml_training_dag.py
[2026-02-14T00:02:35.113+0000] {processor.py:830} INFO - Processing file /opt/airflow/dags/ml_training_dag.py for tasks to queue
[2026-02-14T00:02:35.114+0000] {logging_mixin.py:188} INFO - [2026-02-14T00:02:35.114+0000] {dagbag.py:538} INFO - Filling up the DagBag from /opt/airflow/dags/ml_training_dag.py
[2026-02-14T00:02:35.128+0000] {processor.py:840} INFO - DAG(s) 'ml_training_pipeline' retrieved from /opt/airflow/dags/ml_training_dag.py
[2026-02-14T00:02:35.153+0000] {logging_mixin.py:188} INFO - [2026-02-14T00:02:35.153+0000] {dag.py:3036} INFO - Sync 1 DAGs
[2026-02-14T00:02:35.165+0000] {logging_mixin.py:188} INFO - [2026-02-14T00:02:35.165+0000] {dag.py:3823} INFO - Setting next_dagrun for ml_training_pipeline to 2026-02-08 00:00:00+00:00, run_after=2026-02-15 00:00:00+00:00
[2026-02-14T00:02:35.175+0000] {processor.py:183} INFO - Processing /opt/airflow/dags/ml_training_dag.py took 0.068 seconds
[2026-02-14T00:03:05.519+0000] {processor.py:161} INFO - Started process (PID=295) to work on /opt/airflow/dags/ml_training_dag.py
[2026-02-14T00:03:05.520+0000] {processor.py:830} INFO - Processing file /opt/airflow/dags/ml_training_dag.py for tasks to queue
[2026-02-14T00:03:05.521+0000] {logging_mixin.py:188} INFO - [2026-02-14T00:03:05.521+0000] {dagbag.py:538} INFO - Filling up the DagBag from /opt/airflow/dags/ml_training_dag.py
[2026-02-14T00:03:05.540+0000] {processor.py:840} INFO - DAG(s) 'ml_training_pipeline' retrieved from /opt/airflow/dags/ml_training_dag.py
[2026-02-14T00:03:05.565+0000] {logging_mixin.py:188} INFO - [2026-02-14T00:03:05.565+0000] {dag.py:3036} INFO - Sync 1 DAGs
[2026-02-14T00:03:05.580+0000] {logging_mixin.py:188} INFO - [2026-02-14T00:03:05.580+0000] {dag.py:3823} INFO - Setting next_dagrun for ml_training_pipeline to 2026-02-08 00:00:00+00:00, run_after=2026-02-15 00:00:00+00:00
[2026-02-14T00:03:05.591+0000] {processor.py:183} INFO - Processing /opt/airflow/dags/ml_training_dag.py took 0.075 seconds
[2026-02-14T00:03:35.879+0000] {processor.py:161} INFO - Started process (PID=300) to work on /opt/airflow/dags/ml_training_dag.py
[2026-02-14T00:03:35.880+0000] {processor.py:830} INFO - Processing file /opt/airflow/dags/ml_training_dag.py for tasks to queue
[2026-02-14T00:03:35.881+0000] {logging_mixin.py:188} INFO - [2026-02-14T00:03:35.880+0000] {dagbag.py:538} INFO - Filling up the DagBag from /opt/airflow/dags/ml_training_dag.py
[2026-02-14T00:03:35.900+0000] {processor.py:840} INFO - DAG(s) 'ml_training_pipeline' retrieved from /opt/airflow/dags/ml_training_dag.py
[2026-02-14T00:03:35.923+0000] {logging_mixin.py:188} INFO - [2026-02-14T00:03:35.923+0000] {dag.py:3036} INFO - Sync 1 DAGs
[2026-02-14T00:03:35.941+0000] {logging_mixin.py:188} INFO - [2026-02-14T00:03:35.941+0000] {dag.py:3823} INFO - Setting next_dagrun for ml_training_pipeline to 2026-02-08 00:00:00+00:00, run_after=2026-02-15 00:00:00+00:00
[2026-02-14T00:03:35.953+0000] {processor.py:183} INFO - Processing /opt/airflow/dags/ml_training_dag.py took 0.081 seconds
[2026-02-14T00:04:06.270+0000] {processor.py:161} INFO - Started process (PID=305) to work on /opt/airflow/dags/ml_training_dag.py
[2026-02-14T00:04:06.271+0000] {processor.py:830} INFO - Processing file /opt/airflow/dags/ml_training_dag.py for tasks to queue
[2026-02-14T00:04:06.272+0000] {logging_mixin.py:188} INFO - [2026-02-14T00:04:06.272+0000] {dagbag.py:538} INFO - Filling up the DagBag from /opt/airflow/dags/ml_training_dag.py
[2026-02-14T00:04:06.284+0000] {processor.py:840} INFO - DAG(s) 'ml_training_pipeline' retrieved from /opt/airflow/dags/ml_training_dag.py
[2026-02-14T00:04:06.314+0000] {logging_mixin.py:188} INFO - [2026-02-14T00:04:06.314+0000] {dag.py:3036} INFO - Sync 1 DAGs
[2026-02-14T00:04:06.326+0000] {logging_mixin.py:188} INFO - [2026-02-14T00:04:06.326+0000] {dag.py:3823} INFO - Setting next_dagrun for ml_training_pipeline to 2026-02-08 00:00:00+00:00, run_after=2026-02-15 00:00:00+00:00
[2026-02-14T00:04:06.335+0000] {processor.py:183} INFO - Processing /opt/airflow/dags/ml_training_dag.py took 0.068 seconds
[2026-02-14T00:04:36.610+0000] {processor.py:161} INFO - Started process (PID=310) to work on /opt/airflow/dags/ml_training_dag.py
[2026-02-14T00:04:36.611+0000] {processor.py:830} INFO - Processing file /opt/airflow/dags/ml_training_dag.py for tasks to queue
[2026-02-14T00:04:36.613+0000] {logging_mixin.py:188} INFO - [2026-02-14T00:04:36.612+0000] {dagbag.py:538} INFO - Filling up the DagBag from /opt/airflow/dags/ml_training_dag.py
[2026-02-14T00:04:36.632+0000] {processor.py:840} INFO - DAG(s) 'ml_training_pipeline' retrieved from /opt/airflow/dags/ml_training_dag.py
[2026-02-14T00:04:36.654+0000] {logging_mixin.py:188} INFO - [2026-02-14T00:04:36.654+0000] {dag.py:3036} INFO - Sync 1 DAGs
[2026-02-14T00:04:36.668+0000] {logging_mixin.py:188} INFO - [2026-02-14T00:04:36.668+0000] {dag.py:3823} INFO - Setting next_dagrun for ml_training_pipeline to 2026-02-08 00:00:00+00:00, run_after=2026-02-15 00:00:00+00:00
[2026-02-14T00:04:36.678+0000] {processor.py:183} INFO - Processing /opt/airflow/dags/ml_training_dag.py took 0.073 seconds
[2026-02-14T00:05:06.975+0000] {processor.py:161} INFO - Started process (PID=315) to work on /opt/airflow/dags/ml_training_dag.py
[2026-02-14T00:05:06.976+0000] {processor.py:830} INFO - Processing file /opt/airflow/dags/ml_training_dag.py for tasks to queue
[2026-02-14T00:05:06.976+0000] {logging_mixin.py:188} INFO - [2026-02-14T00:05:06.976+0000] {dagbag.py:538} INFO - Filling up the DagBag from /opt/airflow/dags/ml_training_dag.py
[2026-02-14T00:05:06.987+0000] {processor.py:840} INFO - DAG(s) 'ml_training_pipeline' retrieved from /opt/airflow/dags/ml_training_dag.py
[2026-02-14T00:05:07.005+0000] {logging_mixin.py:188} INFO - [2026-02-14T00:05:07.005+0000] {dag.py:3036} INFO - Sync 1 DAGs
[2026-02-14T00:05:07.016+0000] {logging_mixin.py:188} INFO - [2026-02-14T00:05:07.016+0000] {dag.py:3823} INFO - Setting next_dagrun for ml_training_pipeline to 2026-02-08 00:00:00+00:00, run_after=2026-02-15 00:00:00+00:00
[2026-02-14T00:05:07.025+0000] {processor.py:183} INFO - Processing /opt/airflow/dags/ml_training_dag.py took 0.054 seconds
[2026-02-14T00:05:37.287+0000] {processor.py:161} INFO - Started process (PID=320) to work on /opt/airflow/dags/ml_training_dag.py
[2026-02-14T00:05:37.288+0000] {processor.py:830} INFO - Processing file /opt/airflow/dags/ml_training_dag.py for tasks to queue
[2026-02-14T00:05:37.289+0000] {logging_mixin.py:188} INFO - [2026-02-14T00:05:37.289+0000] {dagbag.py:538} INFO - Filling up the DagBag from /opt/airflow/dags/ml_training_dag.py
[2026-02-14T00:05:37.299+0000] {processor.py:840} INFO - DAG(s) 'ml_training_pipeline' retrieved from /opt/airflow/dags/ml_training_dag.py
[2026-02-14T00:05:37.316+0000] {logging_mixin.py:188} INFO - [2026-02-14T00:05:37.316+0000] {dag.py:3036} INFO - Sync 1 DAGs
[2026-02-14T00:05:37.328+0000] {logging_mixin.py:188} INFO - [2026-02-14T00:05:37.328+0000] {dag.py:3823} INFO - Setting next_dagrun for ml_training_pipeline to 2026-02-08 00:00:00+00:00, run_after=2026-02-15 00:00:00+00:00
[2026-02-14T00:05:37.338+0000] {processor.py:183} INFO - Processing /opt/airflow/dags/ml_training_dag.py took 0.057 seconds
[2026-02-14T00:06:07.597+0000] {processor.py:161} INFO - Started process (PID=325) to work on /opt/airflow/dags/ml_training_dag.py
[2026-02-14T00:06:07.598+0000] {processor.py:830} INFO - Processing file /opt/airflow/dags/ml_training_dag.py for tasks to queue
[2026-02-14T00:06:07.599+0000] {logging_mixin.py:188} INFO - [2026-02-14T00:06:07.599+0000] {dagbag.py:538} INFO - Filling up the DagBag from /opt/airflow/dags/ml_training_dag.py
[2026-02-14T00:06:07.619+0000] {processor.py:840} INFO - DAG(s) 'ml_training_pipeline' retrieved from /opt/airflow/dags/ml_training_dag.py
[2026-02-14T00:06:07.649+0000] {logging_mixin.py:188} INFO - [2026-02-14T00:06:07.648+0000] {dag.py:3036} INFO - Sync 1 DAGs
[2026-02-14T00:06:07.665+0000] {logging_mixin.py:188} INFO - [2026-02-14T00:06:07.665+0000] {dag.py:3823} INFO - Setting next_dagrun for ml_training_pipeline to 2026-02-08 00:00:00+00:00, run_after=2026-02-15 00:00:00+00:00
[2026-02-14T00:06:07.690+0000] {processor.py:183} INFO - Processing /opt/airflow/dags/ml_training_dag.py took 0.100 seconds
[2026-02-14T00:06:37.905+0000] {processor.py:161} INFO - Started process (PID=330) to work on /opt/airflow/dags/ml_training_dag.py
[2026-02-14T00:06:37.906+0000] {processor.py:830} INFO - Processing file /opt/airflow/dags/ml_training_dag.py for tasks to queue
[2026-02-14T00:06:37.907+0000] {logging_mixin.py:188} INFO - [2026-02-14T00:06:37.906+0000] {dagbag.py:538} INFO - Filling up the DagBag from /opt/airflow/dags/ml_training_dag.py
[2026-02-14T00:06:37.925+0000] {processor.py:840} INFO - DAG(s) 'ml_training_pipeline' retrieved from /opt/airflow/dags/ml_training_dag.py
[2026-02-14T00:06:37.957+0000] {logging_mixin.py:188} INFO - [2026-02-14T00:06:37.957+0000] {dag.py:3036} INFO - Sync 1 DAGs
[2026-02-14T00:06:37.977+0000] {logging_mixin.py:188} INFO - [2026-02-14T00:06:37.977+0000] {dag.py:3823} INFO - Setting next_dagrun for ml_training_pipeline to 2026-02-08 00:00:00+00:00, run_after=2026-02-15 00:00:00+00:00
[2026-02-14T00:06:37.990+0000] {processor.py:183} INFO - Processing /opt/airflow/dags/ml_training_dag.py took 0.090 seconds
[2026-02-14T00:07:08.287+0000] {processor.py:161} INFO - Started process (PID=335) to work on /opt/airflow/dags/ml_training_dag.py
[2026-02-14T00:07:08.288+0000] {processor.py:830} INFO - Processing file /opt/airflow/dags/ml_training_dag.py for tasks to queue
[2026-02-14T00:07:08.290+0000] {logging_mixin.py:188} INFO - [2026-02-14T00:07:08.289+0000] {dagbag.py:538} INFO - Filling up the DagBag from /opt/airflow/dags/ml_training_dag.py
[2026-02-14T00:07:08.311+0000] {processor.py:840} INFO - DAG(s) 'ml_training_pipeline' retrieved from /opt/airflow/dags/ml_training_dag.py
[2026-02-14T00:07:08.345+0000] {logging_mixin.py:188} INFO - [2026-02-14T00:07:08.345+0000] {dag.py:3036} INFO - Sync 1 DAGs
[2026-02-14T00:07:08.375+0000] {logging_mixin.py:188} INFO - [2026-02-14T00:07:08.375+0000] {dag.py:3823} INFO - Setting next_dagrun for ml_training_pipeline to 2026-02-08 00:00:00+00:00, run_after=2026-02-15 00:00:00+00:00
[2026-02-14T00:07:08.388+0000] {processor.py:183} INFO - Processing /opt/airflow/dags/ml_training_dag.py took 0.108 seconds
[2026-02-14T00:07:38.674+0000] {processor.py:161} INFO - Started process (PID=340) to work on /opt/airflow/dags/ml_training_dag.py
[2026-02-14T00:07:38.676+0000] {processor.py:830} INFO - Processing file /opt/airflow/dags/ml_training_dag.py for tasks to queue
[2026-02-14T00:07:38.677+0000] {logging_mixin.py:188} INFO - [2026-02-14T00:07:38.677+0000] {dagbag.py:538} INFO - Filling up the DagBag from /opt/airflow/dags/ml_training_dag.py
[2026-02-14T00:07:38.701+0000] {processor.py:840} INFO - DAG(s) 'ml_training_pipeline' retrieved from /opt/airflow/dags/ml_training_dag.py
[2026-02-14T00:07:38.729+0000] {logging_mixin.py:188} INFO - [2026-02-14T00:07:38.729+0000] {dag.py:3036} INFO - Sync 1 DAGs
[2026-02-14T00:07:38.748+0000] {logging_mixin.py:188} INFO - [2026-02-14T00:07:38.748+0000] {dag.py:3823} INFO - Setting next_dagrun for ml_training_pipeline to 2026-02-08 00:00:00+00:00, run_after=2026-02-15 00:00:00+00:00
[2026-02-14T00:07:38.761+0000] {processor.py:183} INFO - Processing /opt/airflow/dags/ml_training_dag.py took 0.093 seconds
