[2026-02-13T23:51:52.273+0000] {processor.py:161} INFO - Started process (PID=164) to work on /opt/airflow/dags/ml_training_dag.py
[2026-02-13T23:51:52.275+0000] {processor.py:830} INFO - Processing file /opt/airflow/dags/ml_training_dag.py for tasks to queue
[2026-02-13T23:51:52.277+0000] {logging_mixin.py:188} INFO - [2026-02-13T23:51:52.277+0000] {dagbag.py:538} INFO - Filling up the DagBag from /opt/airflow/dags/ml_training_dag.py
[2026-02-13T23:51:52.296+0000] {processor.py:840} INFO - DAG(s) 'ml_training_pipeline' retrieved from /opt/airflow/dags/ml_training_dag.py
[2026-02-13T23:51:52.313+0000] {logging_mixin.py:188} INFO - [2026-02-13T23:51:52.313+0000] {dag.py:3036} INFO - Sync 1 DAGs
[2026-02-13T23:51:52.326+0000] {logging_mixin.py:188} INFO - [2026-02-13T23:51:52.325+0000] {dag.py:3823} INFO - Setting next_dagrun for ml_training_pipeline to 2026-02-01 00:00:00+00:00, run_after=2026-02-08 00:00:00+00:00
[2026-02-13T23:51:52.335+0000] {processor.py:183} INFO - Processing /opt/airflow/dags/ml_training_dag.py took 0.064 seconds
[2026-02-13T23:52:22.579+0000] {processor.py:161} INFO - Started process (PID=169) to work on /opt/airflow/dags/ml_training_dag.py
[2026-02-13T23:52:22.580+0000] {processor.py:830} INFO - Processing file /opt/airflow/dags/ml_training_dag.py for tasks to queue
[2026-02-13T23:52:22.582+0000] {logging_mixin.py:188} INFO - [2026-02-13T23:52:22.581+0000] {dagbag.py:538} INFO - Filling up the DagBag from /opt/airflow/dags/ml_training_dag.py
[2026-02-13T23:52:22.608+0000] {processor.py:840} INFO - DAG(s) 'ml_training_pipeline' retrieved from /opt/airflow/dags/ml_training_dag.py
[2026-02-13T23:52:22.770+0000] {logging_mixin.py:188} INFO - [2026-02-13T23:52:22.770+0000] {dag.py:3036} INFO - Sync 1 DAGs
[2026-02-13T23:52:22.783+0000] {logging_mixin.py:188} INFO - [2026-02-13T23:52:22.783+0000] {dag.py:3823} INFO - Setting next_dagrun for ml_training_pipeline to 2026-02-01 00:00:00+00:00, run_after=2026-02-08 00:00:00+00:00
[2026-02-13T23:52:22.795+0000] {processor.py:183} INFO - Processing /opt/airflow/dags/ml_training_dag.py took 0.224 seconds
[2026-02-13T23:52:52.870+0000] {processor.py:161} INFO - Started process (PID=174) to work on /opt/airflow/dags/ml_training_dag.py
[2026-02-13T23:52:52.871+0000] {processor.py:830} INFO - Processing file /opt/airflow/dags/ml_training_dag.py for tasks to queue
[2026-02-13T23:52:52.872+0000] {logging_mixin.py:188} INFO - [2026-02-13T23:52:52.872+0000] {dagbag.py:538} INFO - Filling up the DagBag from /opt/airflow/dags/ml_training_dag.py
[2026-02-13T23:52:52.891+0000] {processor.py:840} INFO - DAG(s) 'ml_training_pipeline' retrieved from /opt/airflow/dags/ml_training_dag.py
[2026-02-13T23:52:52.917+0000] {logging_mixin.py:188} INFO - [2026-02-13T23:52:52.917+0000] {dag.py:3036} INFO - Sync 1 DAGs
[2026-02-13T23:52:52.939+0000] {logging_mixin.py:188} INFO - [2026-02-13T23:52:52.939+0000] {dag.py:3823} INFO - Setting next_dagrun for ml_training_pipeline to 2026-02-01 00:00:00+00:00, run_after=2026-02-08 00:00:00+00:00
[2026-02-13T23:52:52.961+0000] {processor.py:183} INFO - Processing /opt/airflow/dags/ml_training_dag.py took 0.096 seconds
[2026-02-13T23:53:23.199+0000] {processor.py:161} INFO - Started process (PID=179) to work on /opt/airflow/dags/ml_training_dag.py
[2026-02-13T23:53:23.201+0000] {processor.py:830} INFO - Processing file /opt/airflow/dags/ml_training_dag.py for tasks to queue
[2026-02-13T23:53:23.202+0000] {logging_mixin.py:188} INFO - [2026-02-13T23:53:23.201+0000] {dagbag.py:538} INFO - Filling up the DagBag from /opt/airflow/dags/ml_training_dag.py
[2026-02-13T23:53:23.226+0000] {processor.py:840} INFO - DAG(s) 'ml_training_pipeline' retrieved from /opt/airflow/dags/ml_training_dag.py
[2026-02-13T23:53:23.266+0000] {logging_mixin.py:188} INFO - [2026-02-13T23:53:23.266+0000] {dag.py:3036} INFO - Sync 1 DAGs
[2026-02-13T23:53:23.284+0000] {logging_mixin.py:188} INFO - [2026-02-13T23:53:23.284+0000] {dag.py:3823} INFO - Setting next_dagrun for ml_training_pipeline to 2026-02-01 00:00:00+00:00, run_after=2026-02-08 00:00:00+00:00
[2026-02-13T23:53:23.295+0000] {processor.py:183} INFO - Processing /opt/airflow/dags/ml_training_dag.py took 0.103 seconds
[2026-02-13T23:53:53.606+0000] {processor.py:161} INFO - Started process (PID=184) to work on /opt/airflow/dags/ml_training_dag.py
[2026-02-13T23:53:53.606+0000] {processor.py:830} INFO - Processing file /opt/airflow/dags/ml_training_dag.py for tasks to queue
[2026-02-13T23:53:53.608+0000] {logging_mixin.py:188} INFO - [2026-02-13T23:53:53.607+0000] {dagbag.py:538} INFO - Filling up the DagBag from /opt/airflow/dags/ml_training_dag.py
[2026-02-13T23:53:53.643+0000] {processor.py:840} INFO - DAG(s) 'ml_training_pipeline' retrieved from /opt/airflow/dags/ml_training_dag.py
[2026-02-13T23:53:53.669+0000] {logging_mixin.py:188} INFO - [2026-02-13T23:53:53.669+0000] {dag.py:3036} INFO - Sync 1 DAGs
[2026-02-13T23:53:53.684+0000] {logging_mixin.py:188} INFO - [2026-02-13T23:53:53.684+0000] {dag.py:3823} INFO - Setting next_dagrun for ml_training_pipeline to 2026-02-01 00:00:00+00:00, run_after=2026-02-08 00:00:00+00:00
[2026-02-13T23:53:53.696+0000] {processor.py:183} INFO - Processing /opt/airflow/dags/ml_training_dag.py took 0.094 seconds
[2026-02-13T23:54:23.992+0000] {processor.py:161} INFO - Started process (PID=189) to work on /opt/airflow/dags/ml_training_dag.py
[2026-02-13T23:54:23.994+0000] {processor.py:830} INFO - Processing file /opt/airflow/dags/ml_training_dag.py for tasks to queue
[2026-02-13T23:54:23.997+0000] {logging_mixin.py:188} INFO - [2026-02-13T23:54:23.995+0000] {dagbag.py:538} INFO - Filling up the DagBag from /opt/airflow/dags/ml_training_dag.py
[2026-02-13T23:54:24.020+0000] {processor.py:840} INFO - DAG(s) 'ml_training_pipeline' retrieved from /opt/airflow/dags/ml_training_dag.py
[2026-02-13T23:54:24.047+0000] {logging_mixin.py:188} INFO - [2026-02-13T23:54:24.047+0000] {dag.py:3036} INFO - Sync 1 DAGs
[2026-02-13T23:54:24.063+0000] {logging_mixin.py:188} INFO - [2026-02-13T23:54:24.063+0000] {dag.py:3823} INFO - Setting next_dagrun for ml_training_pipeline to 2026-02-01 00:00:00+00:00, run_after=2026-02-08 00:00:00+00:00
[2026-02-13T23:54:24.074+0000] {processor.py:183} INFO - Processing /opt/airflow/dags/ml_training_dag.py took 0.088 seconds
[2026-02-13T23:54:54.333+0000] {processor.py:161} INFO - Started process (PID=194) to work on /opt/airflow/dags/ml_training_dag.py
[2026-02-13T23:54:54.334+0000] {processor.py:830} INFO - Processing file /opt/airflow/dags/ml_training_dag.py for tasks to queue
[2026-02-13T23:54:54.335+0000] {logging_mixin.py:188} INFO - [2026-02-13T23:54:54.335+0000] {dagbag.py:538} INFO - Filling up the DagBag from /opt/airflow/dags/ml_training_dag.py
[2026-02-13T23:54:54.348+0000] {processor.py:840} INFO - DAG(s) 'ml_training_pipeline' retrieved from /opt/airflow/dags/ml_training_dag.py
[2026-02-13T23:54:54.370+0000] {logging_mixin.py:188} INFO - [2026-02-13T23:54:54.370+0000] {dag.py:3036} INFO - Sync 1 DAGs
[2026-02-13T23:54:54.380+0000] {logging_mixin.py:188} INFO - [2026-02-13T23:54:54.380+0000] {dag.py:3823} INFO - Setting next_dagrun for ml_training_pipeline to 2026-02-01 00:00:00+00:00, run_after=2026-02-08 00:00:00+00:00
[2026-02-13T23:54:54.389+0000] {processor.py:183} INFO - Processing /opt/airflow/dags/ml_training_dag.py took 0.061 seconds
[2026-02-13T23:55:24.653+0000] {processor.py:161} INFO - Started process (PID=199) to work on /opt/airflow/dags/ml_training_dag.py
[2026-02-13T23:55:24.654+0000] {processor.py:830} INFO - Processing file /opt/airflow/dags/ml_training_dag.py for tasks to queue
[2026-02-13T23:55:24.655+0000] {logging_mixin.py:188} INFO - [2026-02-13T23:55:24.654+0000] {dagbag.py:538} INFO - Filling up the DagBag from /opt/airflow/dags/ml_training_dag.py
[2026-02-13T23:55:24.669+0000] {processor.py:840} INFO - DAG(s) 'ml_training_pipeline' retrieved from /opt/airflow/dags/ml_training_dag.py
[2026-02-13T23:55:24.686+0000] {logging_mixin.py:188} INFO - [2026-02-13T23:55:24.686+0000] {dag.py:3036} INFO - Sync 1 DAGs
[2026-02-13T23:55:24.698+0000] {logging_mixin.py:188} INFO - [2026-02-13T23:55:24.698+0000] {dag.py:3823} INFO - Setting next_dagrun for ml_training_pipeline to 2026-02-01 00:00:00+00:00, run_after=2026-02-08 00:00:00+00:00
[2026-02-13T23:55:24.707+0000] {processor.py:183} INFO - Processing /opt/airflow/dags/ml_training_dag.py took 0.062 seconds
[2026-02-13T23:55:55.031+0000] {processor.py:161} INFO - Started process (PID=204) to work on /opt/airflow/dags/ml_training_dag.py
[2026-02-13T23:55:55.031+0000] {processor.py:830} INFO - Processing file /opt/airflow/dags/ml_training_dag.py for tasks to queue
[2026-02-13T23:55:55.032+0000] {logging_mixin.py:188} INFO - [2026-02-13T23:55:55.032+0000] {dagbag.py:538} INFO - Filling up the DagBag from /opt/airflow/dags/ml_training_dag.py
[2026-02-13T23:55:55.049+0000] {processor.py:840} INFO - DAG(s) 'ml_training_pipeline' retrieved from /opt/airflow/dags/ml_training_dag.py
[2026-02-13T23:55:55.076+0000] {logging_mixin.py:188} INFO - [2026-02-13T23:55:55.076+0000] {dag.py:3036} INFO - Sync 1 DAGs
[2026-02-13T23:55:55.092+0000] {logging_mixin.py:188} INFO - [2026-02-13T23:55:55.092+0000] {dag.py:3823} INFO - Setting next_dagrun for ml_training_pipeline to 2026-02-01 00:00:00+00:00, run_after=2026-02-08 00:00:00+00:00
[2026-02-13T23:55:55.105+0000] {processor.py:183} INFO - Processing /opt/airflow/dags/ml_training_dag.py took 0.077 seconds
