[2026-02-13T23:51:52.230+0000] {manager.py:469} INFO - Processing files using up to 2 processes at a time 
[2026-02-13T23:51:52.231+0000] {manager.py:470} INFO - Process each file at most once every 30 seconds
[2026-02-13T23:51:52.231+0000] {manager.py:471} INFO - Checking for new files in /opt/airflow/dags every 300 seconds
[2026-02-13T23:51:52.231+0000] {manager.py:738} INFO - Searching for files in /opt/airflow/dags
[2026-02-13T23:51:52.234+0000] {manager.py:741} INFO - There are 1 files in /opt/airflow/dags
[2026-02-13T23:51:52.290+0000] {manager.py:879} INFO - 
================================================================================
DAG File Processing Stats

File Path                               PID  Runtime      # DAGs    # Errors  Last Runtime    Last Run
------------------------------------  -----  ---------  --------  ----------  --------------  ----------
/opt/airflow/dags/ml_training_dag.py    164  0.02s             0           0
================================================================================
[2026-02-13T23:52:22.555+0000] {manager.py:879} INFO - 
================================================================================
DAG File Processing Stats

File Path                               PID  Runtime      # DAGs    # Errors  Last Runtime    Last Run
------------------------------------  -----  ---------  --------  ----------  --------------  -------------------
/opt/airflow/dags/ml_training_dag.py    169  0.01s             1           0  0.07s           2026-02-13T23:51:52
================================================================================
[2026-02-13T23:52:52.859+0000] {manager.py:879} INFO - 
================================================================================
DAG File Processing Stats

File Path                               PID  Runtime      # DAGs    # Errors  Last Runtime    Last Run
------------------------------------  -----  ---------  --------  ----------  --------------  -------------------
/opt/airflow/dags/ml_training_dag.py    174  0.01s             1           0  0.26s           2026-02-13T23:52:22
================================================================================
[2026-02-13T23:53:23.183+0000] {manager.py:879} INFO - 
================================================================================
DAG File Processing Stats

File Path                               PID  Runtime      # DAGs    # Errors  Last Runtime    Last Run
------------------------------------  -----  ---------  --------  ----------  --------------  -------------------
/opt/airflow/dags/ml_training_dag.py    179  0.02s             1           0  0.12s           2026-02-13T23:52:52
================================================================================
[2026-02-13T23:53:53.591+0000] {manager.py:879} INFO - 
================================================================================
DAG File Processing Stats

File Path                               PID  Runtime      # DAGs    # Errors  Last Runtime    Last Run
------------------------------------  -----  ---------  --------  ----------  --------------  -------------------
/opt/airflow/dags/ml_training_dag.py    184  0.02s             1           0  0.14s           2026-02-13T23:53:23
================================================================================
[2026-02-13T23:54:23.979+0000] {manager.py:879} INFO - 
================================================================================
DAG File Processing Stats

File Path                               PID  Runtime      # DAGs    # Errors  Last Runtime    Last Run
------------------------------------  -----  ---------  --------  ----------  --------------  -------------------
/opt/airflow/dags/ml_training_dag.py    189  0.02s             1           0  0.13s           2026-02-13T23:53:53
================================================================================
[2026-02-13T23:54:54.322+0000] {manager.py:879} INFO - 
================================================================================
DAG File Processing Stats

File Path                               PID  Runtime      # DAGs    # Errors  Last Runtime    Last Run
------------------------------------  -----  ---------  --------  ----------  --------------  -------------------
/opt/airflow/dags/ml_training_dag.py    194  0.00s             1           0  0.12s           2026-02-13T23:54:24
================================================================================
[2026-02-13T23:55:24.636+0000] {manager.py:879} INFO - 
================================================================================
DAG File Processing Stats

File Path                               PID  Runtime      # DAGs    # Errors  Last Runtime    Last Run
------------------------------------  -----  ---------  --------  ----------  --------------  -------------------
/opt/airflow/dags/ml_training_dag.py    199  0.01s             1           0  0.08s           2026-02-13T23:54:54
================================================================================
[2026-02-13T23:55:55.024+0000] {manager.py:879} INFO - 
================================================================================
DAG File Processing Stats

File Path                               PID  Runtime      # DAGs    # Errors  Last Runtime    Last Run
------------------------------------  -----  ---------  --------  ----------  --------------  -------------------
/opt/airflow/dags/ml_training_dag.py    204  0.00s             1           0  0.09s           2026-02-13T23:55:24
================================================================================
[2026-02-14T00:00:03.352+0000] {manager.py:469} INFO - Processing files using up to 2 processes at a time 
[2026-02-14T00:00:03.354+0000] {manager.py:470} INFO - Process each file at most once every 30 seconds
[2026-02-14T00:00:03.355+0000] {manager.py:471} INFO - Checking for new files in /opt/airflow/dags every 300 seconds
[2026-02-14T00:00:03.357+0000] {manager.py:738} INFO - Searching for files in /opt/airflow/dags
[2026-02-14T00:00:03.362+0000] {manager.py:741} INFO - There are 1 files in /opt/airflow/dags
[2026-02-14T00:00:03.436+0000] {manager.py:879} INFO - 
================================================================================
DAG File Processing Stats

File Path                               PID  Runtime      # DAGs    # Errors  Last Runtime    Last Run
------------------------------------  -----  ---------  --------  ----------  --------------  ----------
/opt/airflow/dags/ml_training_dag.py    163  0.04s             0           0
================================================================================
[2026-02-14T00:00:33.703+0000] {manager.py:879} INFO - 
================================================================================
DAG File Processing Stats

File Path                               PID  Runtime      # DAGs    # Errors  Last Runtime    Last Run
------------------------------------  -----  ---------  --------  ----------  --------------  -------------------
/opt/airflow/dags/ml_training_dag.py    168  0.01s             1           0  0.11s           2026-02-14T00:00:03
================================================================================
[2026-02-14T00:01:04.058+0000] {manager.py:879} INFO - 
================================================================================
DAG File Processing Stats

File Path                               PID  Runtime      # DAGs    # Errors  Last Runtime    Last Run
------------------------------------  -----  ---------  --------  ----------  --------------  -------------------
/opt/airflow/dags/ml_training_dag.py    173  0.00s             1           0  0.24s           2026-02-14T00:00:33
================================================================================
[2026-02-14T00:01:34.335+0000] {manager.py:879} INFO - 
================================================================================
DAG File Processing Stats

File Path                               PID  Runtime      # DAGs    # Errors  Last Runtime    Last Run
------------------------------------  -----  ---------  --------  ----------  --------------  -------------------
/opt/airflow/dags/ml_training_dag.py    280  0.01s             1           0  0.11s           2026-02-14T00:01:04
================================================================================
[2026-02-14T00:02:04.785+0000] {manager.py:879} INFO - 
================================================================================
DAG File Processing Stats

File Path                               PID  Runtime      # DAGs    # Errors  Last Runtime    Last Run
------------------------------------  -----  ---------  --------  ----------  --------------  -------------------
/opt/airflow/dags/ml_training_dag.py    285  0.01s             1           0  0.12s           2026-02-14T00:01:34
================================================================================
[2026-02-14T00:02:35.100+0000] {manager.py:879} INFO - 
================================================================================
DAG File Processing Stats

File Path                               PID  Runtime      # DAGs    # Errors  Last Runtime    Last Run
------------------------------------  -----  ---------  --------  ----------  --------------  -------------------
/opt/airflow/dags/ml_training_dag.py    290  0.00s             1           0  0.12s           2026-02-14T00:02:04
================================================================================
[2026-02-14T00:03:05.509+0000] {manager.py:879} INFO - 
================================================================================
DAG File Processing Stats

File Path                               PID  Runtime      # DAGs    # Errors  Last Runtime    Last Run
------------------------------------  -----  ---------  --------  ----------  --------------  -------------------
/opt/airflow/dags/ml_training_dag.py    295  0.01s             1           0  0.08s           2026-02-14T00:02:35
================================================================================
[2026-02-14T00:03:35.861+0000] {manager.py:879} INFO - 
================================================================================
DAG File Processing Stats

File Path                               PID  Runtime      # DAGs    # Errors  Last Runtime    Last Run
------------------------------------  -----  ---------  --------  ----------  --------------  -------------------
/opt/airflow/dags/ml_training_dag.py    300  0.01s             1           0  0.10s           2026-02-14T00:03:05
================================================================================
[2026-02-14T00:04:06.262+0000] {manager.py:879} INFO - 
================================================================================
DAG File Processing Stats

File Path                               PID  Runtime      # DAGs    # Errors  Last Runtime    Last Run
------------------------------------  -----  ---------  --------  ----------  --------------  -------------------
/opt/airflow/dags/ml_training_dag.py    305  0.01s             1           0  0.11s           2026-02-14T00:03:35
================================================================================
[2026-02-14T00:04:36.599+0000] {manager.py:879} INFO - 
================================================================================
DAG File Processing Stats

File Path                               PID  Runtime      # DAGs    # Errors  Last Runtime    Last Run
------------------------------------  -----  ---------  --------  ----------  --------------  -------------------
/opt/airflow/dags/ml_training_dag.py    310  0.01s             1           0  0.08s           2026-02-14T00:04:06
================================================================================
[2026-02-14T00:05:03.908+0000] {manager.py:738} INFO - Searching for files in /opt/airflow/dags
[2026-02-14T00:05:03.915+0000] {manager.py:741} INFO - There are 1 files in /opt/airflow/dags
[2026-02-14T00:05:06.963+0000] {manager.py:879} INFO - 
================================================================================
DAG File Processing Stats

File Path                               PID  Runtime      # DAGs    # Errors  Last Runtime    Last Run
------------------------------------  -----  ---------  --------  ----------  --------------  -------------------
/opt/airflow/dags/ml_training_dag.py    315  0.01s             1           0  0.09s           2026-02-14T00:04:36
================================================================================
[2026-02-14T00:05:37.273+0000] {manager.py:879} INFO - 
================================================================================
DAG File Processing Stats

File Path                               PID  Runtime      # DAGs    # Errors  Last Runtime    Last Run
------------------------------------  -----  ---------  --------  ----------  --------------  -------------------
/opt/airflow/dags/ml_training_dag.py    320  0.01s             1           0  0.07s           2026-02-14T00:05:07
================================================================================
[2026-02-14T00:06:07.579+0000] {manager.py:879} INFO - 
================================================================================
DAG File Processing Stats

File Path                               PID  Runtime      # DAGs    # Errors  Last Runtime    Last Run
------------------------------------  -----  ---------  --------  ----------  --------------  -------------------
/opt/airflow/dags/ml_training_dag.py    325  0.01s             1           0  0.08s           2026-02-14T00:05:37
================================================================================
[2026-02-14T00:06:37.892+0000] {manager.py:879} INFO - 
================================================================================
DAG File Processing Stats

File Path                               PID  Runtime      # DAGs    # Errors  Last Runtime    Last Run
------------------------------------  -----  ---------  --------  ----------  --------------  -------------------
/opt/airflow/dags/ml_training_dag.py    330  0.01s             1           0  0.13s           2026-02-14T00:06:07
================================================================================
[2026-02-14T00:07:08.246+0000] {manager.py:879} INFO - 
================================================================================
DAG File Processing Stats

File Path                               PID  Runtime      # DAGs    # Errors  Last Runtime    Last Run
------------------------------------  -----  ---------  --------  ----------  --------------  -------------------
/opt/airflow/dags/ml_training_dag.py    335  0.02s             1           0  0.11s           2026-02-14T00:06:37
================================================================================
[2026-02-14T00:07:38.658+0000] {manager.py:879} INFO - 
================================================================================
DAG File Processing Stats

File Path                               PID  Runtime      # DAGs    # Errors  Last Runtime    Last Run
------------------------------------  -----  ---------  --------  ----------  --------------  -------------------
/opt/airflow/dags/ml_training_dag.py    340  0.01s             1           0  0.17s           2026-02-14T00:07:08
================================================================================
